2025-04-29 18:15:30,438 - LogiQATrainer - INFO - LogiQA trainer initialized
2025-04-29 18:15:37,160 - LogiQATrainer - INFO - Starting logical reasoning training on logiqa for 2 epochs
2025-04-29 18:15:37,161 - LogiQATrainer - INFO - Using existing dataset: training\datasets\logiqa\logiqa.json
2025-04-29 18:15:37,162 - LogiQATrainer - INFO - Loading examples from training\datasets\logiqa\logiqa.json
2025-04-29 18:15:37,211 - LogiQATrainer - INFO - Loaded 8678 examples
2025-04-29 18:15:37,214 - LogiQATrainer - INFO - Training with 6074 examples
2025-04-29 18:15:37,215 - LogiQATrainer - INFO - Validation with 1301 examples
2025-04-29 18:15:37,216 - LogiQATrainer - INFO - Epoch 1/2
2025-04-29 18:15:37,225 - LogiQATrainer - INFO - Evaluating logical reasoning capability
2025-04-29 18:15:37,231 - LogiQATrainer - INFO - Evaluation complete: 1301 examples, Accuracy: 0.4881
2025-04-29 18:15:37,232 - LogiQATrainer - INFO - Epoch 1 - Train accuracy: 0.4895, Val accuracy: 0.4881
2025-04-29 18:15:37,233 - LogiQATrainer - INFO - Epoch 2/2
2025-04-29 18:15:37,242 - LogiQATrainer - INFO - Evaluating logical reasoning capability
2025-04-29 18:15:37,247 - LogiQATrainer - INFO - Evaluation complete: 1301 examples, Accuracy: 0.5012
2025-04-29 18:15:37,248 - LogiQATrainer - INFO - Epoch 2 - Train accuracy: 0.5100, Val accuracy: 0.5012
2025-04-29 18:15:37,249 - LogiQATrainer - INFO - Evaluating logical reasoning capability
2025-04-29 18:15:37,252 - LogiQATrainer - INFO - Evaluation complete: 1303 examples, Accuracy: 0.5042
2025-04-29 18:15:37,253 - LogiQATrainer - INFO - Training complete. Test accuracy: 0.5042
2025-04-29 18:15:37,254 - LogiQATrainer - INFO - Saved metrics to cogmenta_training_output\logical_reasoning\metrics.json
2025-04-29 18:17:08,355 - LogiQATrainer - INFO - LogiQA trainer initialized
2025-04-29 18:17:15,438 - LogiQATrainer - INFO - Starting logical reasoning training on logiqa for 2 epochs
2025-04-29 18:17:15,440 - LogiQATrainer - INFO - Using existing dataset: training\datasets\logiqa\logiqa.json
2025-04-29 18:17:15,440 - LogiQATrainer - INFO - Loading examples from training\datasets\logiqa\logiqa.json
2025-04-29 18:17:15,490 - LogiQATrainer - INFO - Loaded 8678 examples
2025-04-29 18:17:15,493 - LogiQATrainer - INFO - Training with 6074 examples
2025-04-29 18:17:15,494 - LogiQATrainer - INFO - Validation with 1301 examples
2025-04-29 18:17:15,495 - LogiQATrainer - INFO - Epoch 1/2
2025-04-29 18:17:15,504 - LogiQATrainer - INFO - Evaluating logical reasoning capability
2025-04-29 18:17:15,508 - LogiQATrainer - INFO - Evaluation complete: 1301 examples, Accuracy: 0.4865
2025-04-29 18:17:15,509 - LogiQATrainer - INFO - Epoch 1 - Train accuracy: 0.5044, Val accuracy: 0.4865
2025-04-29 18:17:15,510 - LogiQATrainer - INFO - Epoch 2/2
2025-04-29 18:17:15,520 - LogiQATrainer - INFO - Evaluating logical reasoning capability
2025-04-29 18:17:15,524 - LogiQATrainer - INFO - Evaluation complete: 1301 examples, Accuracy: 0.4996
2025-04-29 18:17:15,525 - LogiQATrainer - INFO - Epoch 2 - Train accuracy: 0.5010, Val accuracy: 0.4996
2025-04-29 18:17:15,526 - LogiQATrainer - INFO - Evaluating logical reasoning capability
2025-04-29 18:17:15,530 - LogiQATrainer - INFO - Evaluation complete: 1303 examples, Accuracy: 0.5050
2025-04-29 18:17:15,530 - LogiQATrainer - INFO - Training complete. Test accuracy: 0.5050
2025-04-29 18:17:15,532 - LogiQATrainer - INFO - Saved metrics to cogmenta_training_output\logical_reasoning\metrics.json
2025-04-29 18:20:14,840 - LogiQATrainer - INFO - LogiQA trainer initialized
2025-04-29 18:20:21,793 - LogiQATrainer - INFO - Starting logical reasoning training on logiqa for 2 epochs
2025-04-29 18:20:21,794 - LogiQATrainer - INFO - Using existing dataset: training\datasets\logiqa\logiqa.json
2025-04-29 18:20:21,795 - LogiQATrainer - INFO - Loading examples from training\datasets\logiqa\logiqa.json
2025-04-29 18:20:21,845 - LogiQATrainer - INFO - Loaded 8678 examples
2025-04-29 18:20:21,848 - LogiQATrainer - INFO - Training with 6074 examples
2025-04-29 18:20:21,848 - LogiQATrainer - INFO - Validation with 1301 examples
2025-04-29 18:20:21,849 - LogiQATrainer - INFO - Epoch 1/2
2025-04-29 18:20:21,860 - LogiQATrainer - INFO - Evaluating logical reasoning capability
2025-04-29 18:20:21,866 - LogiQATrainer - INFO - Evaluation complete: 1301 examples, Accuracy: 0.4950
2025-04-29 18:20:21,867 - LogiQATrainer - INFO - Epoch 1 - Train accuracy: 0.5013, Val accuracy: 0.4950
2025-04-29 18:20:21,867 - LogiQATrainer - INFO - Epoch 2/2
2025-04-29 18:20:21,876 - LogiQATrainer - INFO - Evaluating logical reasoning capability
2025-04-29 18:20:21,880 - LogiQATrainer - INFO - Evaluation complete: 1301 examples, Accuracy: 0.4896
2025-04-29 18:20:21,881 - LogiQATrainer - INFO - Epoch 2 - Train accuracy: 0.5035, Val accuracy: 0.4896
2025-04-29 18:20:21,881 - LogiQATrainer - INFO - Evaluating logical reasoning capability
2025-04-29 18:20:21,886 - LogiQATrainer - INFO - Evaluation complete: 1303 examples, Accuracy: 0.5226
2025-04-29 18:20:21,886 - LogiQATrainer - INFO - Training complete. Test accuracy: 0.5226
2025-04-29 18:20:21,887 - LogiQATrainer - INFO - Saved metrics to cogmenta_training_output\logical_reasoning\metrics.json
