2025-04-29 18:15:30,436 - NLITrainer - INFO - NLI trainer initialized
2025-04-29 18:15:30,440 - NLITrainer - INFO - Starting NLI training on snli for 2 epochs
2025-04-29 18:15:30,441 - NLITrainer - INFO - Using existing dataset: training\datasets\nli\snli.json
2025-04-29 18:15:30,441 - NLITrainer - INFO - Loading examples from training\datasets\nli\snli.json
2025-04-29 18:15:31,545 - NLITrainer - INFO - Loaded 569033 examples
2025-04-29 18:15:31,878 - NLITrainer - INFO - Training with 398323 examples
2025-04-29 18:15:31,879 - NLITrainer - INFO - Validation with 85354 examples
2025-04-29 18:15:31,879 - NLITrainer - INFO - Epoch 1/2
2025-04-29 18:15:33,800 - NLITrainer - INFO - Evaluating NLI capability
2025-04-29 18:15:34,171 - NLITrainer - INFO - Evaluation complete: 85354 examples, Accuracy: 0.8250
2025-04-29 18:15:34,172 - NLITrainer - INFO - Epoch 1 - Train accuracy: 0.8236, Val accuracy: 0.8250
2025-04-29 18:15:34,172 - NLITrainer - INFO - Epoch 2/2
2025-04-29 18:15:36,075 - NLITrainer - INFO - Evaluating NLI capability
2025-04-29 18:15:36,446 - NLITrainer - INFO - Evaluation complete: 85354 examples, Accuracy: 0.8266
2025-04-29 18:15:36,448 - NLITrainer - INFO - Epoch 2 - Train accuracy: 0.8237, Val accuracy: 0.8266
2025-04-29 18:15:36,448 - NLITrainer - INFO - Evaluating NLI capability
2025-04-29 18:15:36,820 - NLITrainer - INFO - Evaluation complete: 85356 examples, Accuracy: 0.8248
2025-04-29 18:15:36,822 - NLITrainer - INFO - Training complete. Test accuracy: 0.8248
2025-04-29 18:15:36,824 - NLITrainer - INFO - Saved metrics to cogmenta_training_output\natural_language_inference\metrics.json
2025-04-29 18:17:08,354 - NLITrainer - INFO - NLI trainer initialized
2025-04-29 18:17:08,357 - NLITrainer - INFO - Starting NLI training on snli for 2 epochs
2025-04-29 18:17:08,357 - NLITrainer - INFO - Using existing dataset: training\datasets\nli\snli.json
2025-04-29 18:17:08,357 - NLITrainer - INFO - Loading examples from training\datasets\nli\snli.json
2025-04-29 18:17:09,360 - NLITrainer - INFO - Loaded 569033 examples
2025-04-29 18:17:09,606 - NLITrainer - INFO - Training with 398323 examples
2025-04-29 18:17:09,607 - NLITrainer - INFO - Validation with 85354 examples
2025-04-29 18:17:09,607 - NLITrainer - INFO - Epoch 1/2
2025-04-29 18:17:11,565 - NLITrainer - INFO - Evaluating NLI capability
2025-04-29 18:17:12,051 - NLITrainer - INFO - Evaluation complete: 85354 examples, Accuracy: 0.8242
2025-04-29 18:17:12,052 - NLITrainer - INFO - Epoch 1 - Train accuracy: 0.8244, Val accuracy: 0.8242
2025-04-29 18:17:12,052 - NLITrainer - INFO - Epoch 2/2
2025-04-29 18:17:14,248 - NLITrainer - INFO - Evaluating NLI capability
2025-04-29 18:17:14,672 - NLITrainer - INFO - Evaluation complete: 85354 examples, Accuracy: 0.8235
2025-04-29 18:17:14,673 - NLITrainer - INFO - Epoch 2 - Train accuracy: 0.8246, Val accuracy: 0.8235
2025-04-29 18:17:14,674 - NLITrainer - INFO - Evaluating NLI capability
2025-04-29 18:17:15,062 - NLITrainer - INFO - Evaluation complete: 85356 examples, Accuracy: 0.8246
2025-04-29 18:17:15,063 - NLITrainer - INFO - Training complete. Test accuracy: 0.8246
2025-04-29 18:17:15,064 - NLITrainer - INFO - Saved metrics to cogmenta_training_output\natural_language_inference\metrics.json
2025-04-29 18:20:14,839 - NLITrainer - INFO - NLI trainer initialized
2025-04-29 18:20:14,842 - NLITrainer - INFO - Starting NLI training on snli for 2 epochs
2025-04-29 18:20:14,843 - NLITrainer - INFO - Using existing dataset: training\datasets\nli\snli.json
2025-04-29 18:20:14,843 - NLITrainer - INFO - Loading examples from training\datasets\nli\snli.json
2025-04-29 18:20:15,879 - NLITrainer - INFO - Loaded 569033 examples
2025-04-29 18:20:16,134 - NLITrainer - INFO - Training with 398323 examples
2025-04-29 18:20:16,135 - NLITrainer - INFO - Validation with 85354 examples
2025-04-29 18:20:16,136 - NLITrainer - INFO - Epoch 1/2
2025-04-29 18:20:18,096 - NLITrainer - INFO - Evaluating NLI capability
2025-04-29 18:20:18,476 - NLITrainer - INFO - Evaluation complete: 85354 examples, Accuracy: 0.8252
2025-04-29 18:20:18,476 - NLITrainer - INFO - Epoch 1 - Train accuracy: 0.8240, Val accuracy: 0.8252
2025-04-29 18:20:18,477 - NLITrainer - INFO - Epoch 2/2
2025-04-29 18:20:20,682 - NLITrainer - INFO - Evaluating NLI capability
2025-04-29 18:20:21,080 - NLITrainer - INFO - Evaluation complete: 85354 examples, Accuracy: 0.8254
2025-04-29 18:20:21,081 - NLITrainer - INFO - Epoch 2 - Train accuracy: 0.8236, Val accuracy: 0.8254
2025-04-29 18:20:21,082 - NLITrainer - INFO - Evaluating NLI capability
2025-04-29 18:20:21,460 - NLITrainer - INFO - Evaluation complete: 85356 examples, Accuracy: 0.8231
2025-04-29 18:20:21,460 - NLITrainer - INFO - Training complete. Test accuracy: 0.8231
2025-04-29 18:20:21,462 - NLITrainer - INFO - Saved metrics to cogmenta_training_output\natural_language_inference\metrics.json
